OpenVideo-sohu/proguard/seeds.txt
io.vov.vitamio.MediaScanner
io.vov.vitamio.MediaScanner: java.lang.String[] VIDEO_PROJECTION
io.vov.vitamio.MediaScanner: int ID_VIDEO_COLUMN_INDEX
io.vov.vitamio.MediaScanner: int PATH_VIDEO_COLUMN_INDEX
io.vov.vitamio.MediaScanner: int DATE_MODIFIED_VIDEO_COLUMN_INDEX
io.vov.vitamio.MediaScanner: android.content.Context mContext
io.vov.vitamio.MediaScanner: android.content.ContentProviderClient mProvider
io.vov.vitamio.MediaScanner: boolean mCaseInsensitivePaths
io.vov.vitamio.MediaScanner: java.util.HashMap mFileCache
io.vov.vitamio.MediaScanner: io.vov.vitamio.MediaScanner$MyMediaScannerClient mClient
io.vov.vitamio.MediaScanner: void <clinit>()
io.vov.vitamio.MediaScanner: MediaScanner(android.content.Context)
io.vov.vitamio.MediaScanner: boolean loadFFmpeg_native(java.lang.String)
io.vov.vitamio.MediaScanner: void initialize()
io.vov.vitamio.MediaScanner: void prescan(java.lang.String)
io.vov.vitamio.MediaScanner: void postscan(java.lang.String[])
io.vov.vitamio.MediaScanner: boolean inScanDirectory(java.lang.String,java.lang.String[])
io.vov.vitamio.MediaScanner: void scanDirectories(java.lang.String[])
io.vov.vitamio.MediaScanner: android.net.Uri scanSingleFile(java.lang.String,java.lang.String)
io.vov.vitamio.MediaScanner: void processDirectory(java.lang.String,java.lang.String)
io.vov.vitamio.MediaScanner: boolean processFile(java.lang.String,java.lang.String)
io.vov.vitamio.MediaScanner: void native_init(io.vov.vitamio.MediaScannerClient)
io.vov.vitamio.MediaScanner$FileCacheEntry
io.vov.vitamio.MediaScanner$FileCacheEntry: android.net.Uri mTableUri
io.vov.vitamio.MediaScanner$FileCacheEntry: long mRowId
io.vov.vitamio.MediaScanner$FileCacheEntry: java.lang.String mPath
io.vov.vitamio.MediaScanner$FileCacheEntry: long mLastModified
io.vov.vitamio.MediaScanner$FileCacheEntry: boolean mLastModifiedChanged
io.vov.vitamio.MediaScanner$FileCacheEntry: boolean mSeenInFileSystem
io.vov.vitamio.MediaScanner$FileCacheEntry: MediaScanner$FileCacheEntry(android.net.Uri,long,java.lang.String,long)
io.vov.vitamio.MediaScanner$FileCacheEntry: java.lang.String toString()
io.vov.vitamio.MediaScanner$MyMediaScannerClient
io.vov.vitamio.MediaScanner$MyMediaScannerClient: java.lang.String mMimeType
io.vov.vitamio.MediaScanner$MyMediaScannerClient: int mFileType
io.vov.vitamio.MediaScanner$MyMediaScannerClient: java.lang.String mPath
io.vov.vitamio.MediaScanner$MyMediaScannerClient: long mLastModified
io.vov.vitamio.MediaScanner$MyMediaScannerClient: long mFileSize
io.vov.vitamio.MediaScanner$MyMediaScannerClient: java.lang.String mTitle
io.vov.vitamio.MediaScanner$MyMediaScannerClient: java.lang.String mArtist
io.vov.vitamio.MediaScanner$MyMediaScannerClient: java.lang.String mAlbum
io.vov.vitamio.MediaScanner$MyMediaScannerClient: java.lang.String mLanguage
io.vov.vitamio.MediaScanner$MyMediaScannerClient: long mDuration
io.vov.vitamio.MediaScanner$MyMediaScannerClient: int mWidth
io.vov.vitamio.MediaScanner$MyMediaScannerClient: int mHeight
io.vov.vitamio.MediaScanner$MyMediaScannerClient: io.vov.vitamio.MediaScanner this$0
io.vov.vitamio.MediaScanner$MyMediaScannerClient: MediaScanner$MyMediaScannerClient(io.vov.vitamio.MediaScanner)
io.vov.vitamio.MediaScanner$MyMediaScannerClient: io.vov.vitamio.MediaScanner$FileCacheEntry beginFile(java.lang.String,long,long)
io.vov.vitamio.MediaScanner$MyMediaScannerClient: void scanFile(java.lang.String,long,long)
io.vov.vitamio.MediaScanner$MyMediaScannerClient: android.net.Uri doScanFile(java.lang.String,long,long,boolean)
io.vov.vitamio.MediaScannerClient
io.vov.vitamio.MediaScannerClient: void scanFile(java.lang.String,long,long)
io.vov.vitamio.MediaScannerClient: void addNoMediaFolder(java.lang.String)
io.vov.vitamio.MediaScannerClient: void handleStringTag(java.lang.String,byte[],java.lang.String)
io.vov.vitamio.MediaScannerClient: void setMimeType(java.lang.String)