OpenVideo-sohu/proguard/mapping.txt
com.devil.openvideo.slidingmenu.SlidingMenu$OnOpenListener -> com.devil.openvideo.slidingmenu.SlidingMenu$OnOpenListener:
    void onOpen() -> onOpen
com.devil.openvideo.slidingmenu.SlidingMenu$OnOpenedListener -> com.devil.openvideo.slidingmenu.SlidingMenu$OnOpenedListener:
    void onOpened() -> onOpened
com.devil.openvideo.slidingmenu.SlidingMenu$SavedState -> com.devil.openvideo.slidingmenu.SlidingMenu$SavedState:
    int mItem -> mItem
    android.os.Parcelable$Creator CREATOR -> CREATOR
    int getItem() -> getItem
    void writeToParcel(android.os.Parcel,int) -> writeToParcel
com.devil.openvideo.slidingmenu.SlidingMenu$SavedState$1 -> com.devil.openvideo.slidingmenu.SlidingMenu$SavedState$1:
    com.devil.openvideo.slidingmenu.SlidingMenu$SavedState createFromParcel(android.os.Parcel) -> createFromParcel
    com.devil.openvideo.slidingmenu.SlidingMenu$SavedState[] newArray(int) -> newArray
    java.lang.Object createFromParcel(android.os.Parcel) -> createFromParcel
    java.lang.Object[] newArray(int) -> newArray
com.devil.openvideo.slidingmenu.app.SlidingActivity -> com.devil.openvideo.slidingmenu.app.SlidingActivity:
    com.devil.openvideo.slidingmenu.app.SlidingActivityHelper mHelper -> mHelper
    void onCreate(android.os.Bundle) -> onCreate
    void onPostCreate(android.os.Bundle) -> onPostCreate
    android.view.View findViewById(int) -> findViewById
    void onSaveInstanceState(android.os.Bundle) -> onSaveInstanceState
    void setContentView(int) -> setContentView
    void setContentView(android.view.View) -> setContentView
    void setContentView(android.view.View,android.view.ViewGroup$LayoutParams) -> setContentView
    void setBehindContentView(int) -> setBehindContentView
    void setBehindContentView(android.view.View) -> setBehindContentView
    void setBehindContentView(android.view.View,android.view.ViewGroup$LayoutParams) -> setBehindContentView
    com.devil.openvideo.slidingmenu.SlidingMenu getSlidingMenu() -> getSlidingMenu
    void toggle() -> toggle
    void showContent() -> showContent
    void showMenu() -> showMenu
    void showSecondaryMenu() -> showSecondaryMenu
    void setSlidingActionBarEnabled(boolean) -> setSlidingActionBarEnabled
    boolean onKeyUp(int,android.view.KeyEvent) -> onKeyUp
com.devil.openvideo.slidingmenu.app.SlidingActivityBase -> com.devil.openvideo.slidingmenu.app.SlidingActivityBase:
    void setBehindContentView(android.view.View,android.view.ViewGroup$LayoutParams) -> setBehindContentView
    void setBehindContentView(android.view.View) -> setBehindContentView
    void setBehindContentView(int) -> setBehindContentView
    com.devil.openvideo.slidingmenu.SlidingMenu getSlidingMenu() -> getSlidingMenu
    void toggle() -> toggle
    void showContent() -> showContent
    void showMenu() -> showMenu
    void showSecondaryMenu() -> showSecondaryMenu
    void setSlidingActionBarEnabled(boolean) -> setSlidingActionBarEnabled